<?xml version="1.0" encoding="UTF-8"?>
<testsuite xmlns:xsi="http://www.w3.org/2001/XMLSchema-instance" xsi:noNamespaceSchemaLocation="https://maven.apache.org/surefire/maven-surefire-plugin/xsd/surefire-test-report.xsd" name="com.example.demo.DemoApplicationTests" time="3.273" tests="1" errors="0" skipped="0" failures="0">
  <properties>
    <property name="sun.desktop" value="windows"/>
    <property name="awt.toolkit" value="sun.awt.windows.WToolkit"/>
    <property name="file.encoding.pkg" value="sun.io"/>
    <property name="java.specification.version" value="1.8"/>
    <property name="sun.cpu.isalist" value="amd64"/>
    <property name="sun.jnu.encoding" value="GBK"/>
    <property name="java.class.path" value="E:\workspase\Ideaworkspase\demo\target\test-classes;E:\workspase\Ideaworkspase\demo\target\classes;D:\maven\apache-maven-3.6.1\localRepository\org\springframework\boot\spring-boot-starter\2.2.0.BUILD-SNAPSHOT\spring-boot-starter-2.2.0.BUILD-SNAPSHOT.jar;D:\maven\apache-maven-3.6.1\localRepository\org\springframework\boot\spring-boot\2.2.0.BUILD-SNAPSHOT\spring-boot-2.2.0.BUILD-SNAPSHOT.jar;D:\maven\apache-maven-3.6.1\localRepository\org\springframework\spring-context\5.2.0.RELEASE\spring-context-5.2.0.RELEASE.jar;D:\maven\apache-maven-3.6.1\localRepository\org\springframework\boot\spring-boot-autoconfigure\2.2.0.BUILD-SNAPSHOT\spring-boot-autoconfigure-2.2.0.BUILD-SNAPSHOT.jar;D:\maven\apache-maven-3.6.1\localRepository\org\springframework\boot\spring-boot-starter-logging\2.2.0.BUILD-SNAPSHOT\spring-boot-starter-logging-2.2.0.BUILD-SNAPSHOT.jar;D:\maven\apache-maven-3.6.1\localRepository\ch\qos\logback\logback-classic\1.2.3\logback-classic-1.2.3.jar;D:\maven\apache-maven-3.6.1\localRepository\ch\qos\logback\logback-core\1.2.3\logback-core-1.2.3.jar;D:\maven\apache-maven-3.6.1\localRepository\org\apache\logging\log4j\log4j-to-slf4j\2.12.1\log4j-to-slf4j-2.12.1.jar;D:\maven\apache-maven-3.6.1\localRepository\org\apache\logging\log4j\log4j-api\2.12.1\log4j-api-2.12.1.jar;D:\maven\apache-maven-3.6.1\localRepository\org\slf4j\jul-to-slf4j\1.7.28\jul-to-slf4j-1.7.28.jar;D:\maven\apache-maven-3.6.1\localRepository\jakarta\annotation\jakarta.annotation-api\1.3.5\jakarta.annotation-api-1.3.5.jar;D:\maven\apache-maven-3.6.1\localRepository\org\springframework\spring-core\5.2.0.RELEASE\spring-core-5.2.0.RELEASE.jar;D:\maven\apache-maven-3.6.1\localRepository\org\springframework\spring-jcl\5.2.0.RELEASE\spring-jcl-5.2.0.RELEASE.jar;D:\maven\apache-maven-3.6.1\localRepository\org\yaml\snakeyaml\1.25\snakeyaml-1.25.jar;D:\maven\apache-maven-3.6.1\localRepository\org\springframework\boot\spring-boot-starter-test\2.2.0.BUILD-SNAPSHOT\spring-boot-starter-test-2.2.0.BUILD-SNAPSHOT.jar;D:\maven\apache-maven-3.6.1\localRepository\org\springframework\boot\spring-boot-test\2.2.0.BUILD-SNAPSHOT\spring-boot-test-2.2.0.BUILD-SNAPSHOT.jar;D:\maven\apache-maven-3.6.1\localRepository\org\springframework\boot\spring-boot-test-autoconfigure\2.2.0.BUILD-SNAPSHOT\spring-boot-test-autoconfigure-2.2.0.BUILD-SNAPSHOT.jar;D:\maven\apache-maven-3.6.1\localRepository\com\jayway\jsonpath\json-path\2.4.0\json-path-2.4.0.jar;D:\maven\apache-maven-3.6.1\localRepository\net\minidev\json-smart\2.3\json-smart-2.3.jar;D:\maven\apache-maven-3.6.1\localRepository\net\minidev\accessors-smart\1.2\accessors-smart-1.2.jar;D:\maven\apache-maven-3.6.1\localRepository\org\ow2\asm\asm\5.0.4\asm-5.0.4.jar;D:\maven\apache-maven-3.6.1\localRepository\org\slf4j\slf4j-api\1.7.28\slf4j-api-1.7.28.jar;D:\maven\apache-maven-3.6.1\localRepository\jakarta\xml\bind\jakarta.xml.bind-api\2.3.2\jakarta.xml.bind-api-2.3.2.jar;D:\maven\apache-maven-3.6.1\localRepository\jakarta\activation\jakarta.activation-api\1.2.1\jakarta.activation-api-1.2.1.jar;D:\maven\apache-maven-3.6.1\localRepository\org\junit\jupiter\junit-jupiter\5.5.2\junit-jupiter-5.5.2.jar;D:\maven\apache-maven-3.6.1\localRepository\org\junit\jupiter\junit-jupiter-api\5.5.2\junit-jupiter-api-5.5.2.jar;D:\maven\apache-maven-3.6.1\localRepository\org\opentest4j\opentest4j\1.2.0\opentest4j-1.2.0.jar;D:\maven\apache-maven-3.6.1\localRepository\org\junit\platform\junit-platform-commons\1.5.2\junit-platform-commons-1.5.2.jar;D:\maven\apache-maven-3.6.1\localRepository\org\junit\jupiter\junit-jupiter-params\5.5.2\junit-jupiter-params-5.5.2.jar;D:\maven\apache-maven-3.6.1\localRepository\org\junit\jupiter\junit-jupiter-engine\5.5.2\junit-jupiter-engine-5.5.2.jar;D:\maven\apache-maven-3.6.1\localRepository\org\junit\vintage\junit-vintage-engine\5.5.2\junit-vintage-engine-5.5.2.jar;D:\maven\apache-maven-3.6.1\localRepository\org\apiguardian\apiguardian-api\1.1.0\apiguardian-api-1.1.0.jar;D:\maven\apache-maven-3.6.1\localRepository\org\junit\platform\junit-platform-engine\1.5.2\junit-platform-engine-1.5.2.jar;D:\maven\apache-maven-3.6.1\localRepository\junit\junit\4.12\junit-4.12.jar;D:\maven\apache-maven-3.6.1\localRepository\org\mockito\mockito-junit-jupiter\3.1.0\mockito-junit-jupiter-3.1.0.jar;D:\maven\apache-maven-3.6.1\localRepository\org\assertj\assertj-core\3.13.2\assertj-core-3.13.2.jar;D:\maven\apache-maven-3.6.1\localRepository\org\hamcrest\hamcrest\2.1\hamcrest-2.1.jar;D:\maven\apache-maven-3.6.1\localRepository\org\mockito\mockito-core\3.1.0\mockito-core-3.1.0.jar;D:\maven\apache-maven-3.6.1\localRepository\net\bytebuddy\byte-buddy\1.10.1\byte-buddy-1.10.1.jar;D:\maven\apache-maven-3.6.1\localRepository\net\bytebuddy\byte-buddy-agent\1.10.1\byte-buddy-agent-1.10.1.jar;D:\maven\apache-maven-3.6.1\localRepository\org\objenesis\objenesis\2.6\objenesis-2.6.jar;D:\maven\apache-maven-3.6.1\localRepository\org\skyscreamer\jsonassert\1.5.0\jsonassert-1.5.0.jar;D:\maven\apache-maven-3.6.1\localRepository\com\vaadin\external\google\android-json\0.0.20131108.vaadin1\android-json-0.0.20131108.vaadin1.jar;D:\maven\apache-maven-3.6.1\localRepository\org\springframework\spring-test\5.2.0.RELEASE\spring-test-5.2.0.RELEASE.jar;D:\maven\apache-maven-3.6.1\localRepository\org\xmlunit\xmlunit-core\2.6.3\xmlunit-core-2.6.3.jar;D:\maven\apache-maven-3.6.1\localRepository\org\springframework\boot\spring-boot-starter-web\2.2.0.BUILD-SNAPSHOT\spring-boot-starter-web-2.2.0.BUILD-SNAPSHOT.jar;D:\maven\apache-maven-3.6.1\localRepository\org\springframework\boot\spring-boot-starter-json\2.2.0.BUILD-SNAPSHOT\spring-boot-starter-json-2.2.0.BUILD-SNAPSHOT.jar;D:\maven\apache-maven-3.6.1\localRepository\com\fasterxml\jackson\core\jackson-databind\2.10.0\jackson-databind-2.10.0.jar;D:\maven\apache-maven-3.6.1\localRepository\com\fasterxml\jackson\core\jackson-annotations\2.10.0\jackson-annotations-2.10.0.jar;D:\maven\apache-maven-3.6.1\localRepository\com\fasterxml\jackson\core\jackson-core\2.10.0\jackson-core-2.10.0.jar;D:\maven\apache-maven-3.6.1\localRepository\com\fasterxml\jackson\datatype\jackson-datatype-jdk8\2.10.0\jackson-datatype-jdk8-2.10.0.jar;D:\maven\apache-maven-3.6.1\localRepository\com\fasterxml\jackson\datatype\jackson-datatype-jsr310\2.10.0\jackson-datatype-jsr310-2.10.0.jar;D:\maven\apache-maven-3.6.1\localRepository\com\fasterxml\jackson\module\jackson-module-parameter-names\2.10.0\jackson-module-parameter-names-2.10.0.jar;D:\maven\apache-maven-3.6.1\localRepository\org\springframework\boot\spring-boot-starter-tomcat\2.2.0.BUILD-SNAPSHOT\spring-boot-starter-tomcat-2.2.0.BUILD-SNAPSHOT.jar;D:\maven\apache-maven-3.6.1\localRepository\org\apache\tomcat\embed\tomcat-embed-websocket\9.0.27\tomcat-embed-websocket-9.0.27.jar;D:\maven\apache-maven-3.6.1\localRepository\org\springframework\boot\spring-boot-starter-validation\2.2.0.BUILD-SNAPSHOT\spring-boot-starter-validation-2.2.0.BUILD-SNAPSHOT.jar;D:\maven\apache-maven-3.6.1\localRepository\jakarta\validation\jakarta.validation-api\2.0.1\jakarta.validation-api-2.0.1.jar;D:\maven\apache-maven-3.6.1\localRepository\org\hibernate\validator\hibernate-validator\6.0.17.Final\hibernate-validator-6.0.17.Final.jar;D:\maven\apache-maven-3.6.1\localRepository\org\jboss\logging\jboss-logging\3.4.1.Final\jboss-logging-3.4.1.Final.jar;D:\maven\apache-maven-3.6.1\localRepository\com\fasterxml\classmate\1.5.0\classmate-1.5.0.jar;D:\maven\apache-maven-3.6.1\localRepository\org\springframework\spring-web\5.2.0.RELEASE\spring-web-5.2.0.RELEASE.jar;D:\maven\apache-maven-3.6.1\localRepository\org\springframework\spring-beans\5.2.0.RELEASE\spring-beans-5.2.0.RELEASE.jar;D:\maven\apache-maven-3.6.1\localRepository\org\springframework\spring-webmvc\5.2.0.RELEASE\spring-webmvc-5.2.0.RELEASE.jar;D:\maven\apache-maven-3.6.1\localRepository\org\springframework\spring-aop\5.2.0.RELEASE\spring-aop-5.2.0.RELEASE.jar;D:\maven\apache-maven-3.6.1\localRepository\org\springframework\spring-expression\5.2.0.RELEASE\spring-expression-5.2.0.RELEASE.jar;D:\maven\apache-maven-3.6.1\localRepository\org\springframework\boot\spring-boot-starter-thymeleaf\2.2.0.BUILD-SNAPSHOT\spring-boot-starter-thymeleaf-2.2.0.BUILD-SNAPSHOT.jar;D:\maven\apache-maven-3.6.1\localRepository\org\thymeleaf\thymeleaf-spring5\3.0.11.RELEASE\thymeleaf-spring5-3.0.11.RELEASE.jar;D:\maven\apache-maven-3.6.1\localRepository\org\thymeleaf\thymeleaf\3.0.11.RELEASE\thymeleaf-3.0.11.RELEASE.jar;D:\maven\apache-maven-3.6.1\localRepository\org\attoparser\attoparser\2.0.5.RELEASE\attoparser-2.0.5.RELEASE.jar;D:\maven\apache-maven-3.6.1\localRepository\org\unbescape\unbescape\1.1.6.RELEASE\unbescape-1.1.6.RELEASE.jar;D:\maven\apache-maven-3.6.1\localRepository\org\thymeleaf\extras\thymeleaf-extras-java8time\3.0.4.RELEASE\thymeleaf-extras-java8time-3.0.4.RELEASE.jar;D:\maven\apache-maven-3.6.1\localRepository\org\projectlombok\lombok\1.18.10\lombok-1.18.10.jar;D:\maven\apache-maven-3.6.1\localRepository\org\apache\tomcat\embed\tomcat-embed-jasper\9.0.27\tomcat-embed-jasper-9.0.27.jar;D:\maven\apache-maven-3.6.1\localRepository\org\apache\tomcat\embed\tomcat-embed-core\9.0.27\tomcat-embed-core-9.0.27.jar;D:\maven\apache-maven-3.6.1\localRepository\org\apache\tomcat\tomcat-annotations-api\9.0.27\tomcat-annotations-api-9.0.27.jar;D:\maven\apache-maven-3.6.1\localRepository\org\apache\tomcat\embed\tomcat-embed-el\9.0.27\tomcat-embed-el-9.0.27.jar;D:\maven\apache-maven-3.6.1\localRepository\org\eclipse\jdt\ecj\3.18.0\ecj-3.18.0.jar;D:\maven\apache-maven-3.6.1\localRepository\org\springframework\boot\spring-boot-devtools\2.2.0.BUILD-SNAPSHOT\spring-boot-devtools-2.2.0.BUILD-SNAPSHOT.jar;"/>
    <property name="java.vm.vendor" value="Oracle Corporation"/>
    <property name="sun.arch.data.model" value="64"/>
    <property name="user.variant" value=""/>
    <property name="java.vendor.url" value="http://java.oracle.com/"/>
    <property name="user.timezone" value="Asia/Shanghai"/>
    <property name="java.vm.specification.version" value="1.8"/>
    <property name="os.name" value="Windows 10"/>
    <property name="user.country" value="CN"/>
    <property name="sun.java.launcher" value="SUN_STANDARD"/>
    <property name="sun.boot.library.path" value="D:\java_home\jdk-1.8.19\jre\bin"/>
    <property name="sun.java.command" value="C:\Users\jrg17\AppData\Local\Temp\surefire1335468361450664572\surefirebooter8802805409869841944.jar C:\Users\jrg17\AppData\Local\Temp\surefire1335468361450664572 2020-02-26T20-48-49_637-jvmRun1 surefire7741531297874986530tmp surefire_0464056267805542135tmp"/>
    <property name="surefire.test.class.path" value="E:\workspase\Ideaworkspase\demo\target\test-classes;E:\workspase\Ideaworkspase\demo\target\classes;D:\maven\apache-maven-3.6.1\localRepository\org\springframework\boot\spring-boot-starter\2.2.0.BUILD-SNAPSHOT\spring-boot-starter-2.2.0.BUILD-SNAPSHOT.jar;D:\maven\apache-maven-3.6.1\localRepository\org\springframework\boot\spring-boot\2.2.0.BUILD-SNAPSHOT\spring-boot-2.2.0.BUILD-SNAPSHOT.jar;D:\maven\apache-maven-3.6.1\localRepository\org\springframework\spring-context\5.2.0.RELEASE\spring-context-5.2.0.RELEASE.jar;D:\maven\apache-maven-3.6.1\localRepository\org\springframework\boot\spring-boot-autoconfigure\2.2.0.BUILD-SNAPSHOT\spring-boot-autoconfigure-2.2.0.BUILD-SNAPSHOT.jar;D:\maven\apache-maven-3.6.1\localRepository\org\springframework\boot\spring-boot-starter-logging\2.2.0.BUILD-SNAPSHOT\spring-boot-starter-logging-2.2.0.BUILD-SNAPSHOT.jar;D:\maven\apache-maven-3.6.1\localRepository\ch\qos\logback\logback-classic\1.2.3\logback-classic-1.2.3.jar;D:\maven\apache-maven-3.6.1\localRepository\ch\qos\logback\logback-core\1.2.3\logback-core-1.2.3.jar;D:\maven\apache-maven-3.6.1\localRepository\org\apache\logging\log4j\log4j-to-slf4j\2.12.1\log4j-to-slf4j-2.12.1.jar;D:\maven\apache-maven-3.6.1\localRepository\org\apache\logging\log4j\log4j-api\2.12.1\log4j-api-2.12.1.jar;D:\maven\apache-maven-3.6.1\localRepository\org\slf4j\jul-to-slf4j\1.7.28\jul-to-slf4j-1.7.28.jar;D:\maven\apache-maven-3.6.1\localRepository\jakarta\annotation\jakarta.annotation-api\1.3.5\jakarta.annotation-api-1.3.5.jar;D:\maven\apache-maven-3.6.1\localRepository\org\springframework\spring-core\5.2.0.RELEASE\spring-core-5.2.0.RELEASE.jar;D:\maven\apache-maven-3.6.1\localRepository\org\springframework\spring-jcl\5.2.0.RELEASE\spring-jcl-5.2.0.RELEASE.jar;D:\maven\apache-maven-3.6.1\localRepository\org\yaml\snakeyaml\1.25\snakeyaml-1.25.jar;D:\maven\apache-maven-3.6.1\localRepository\org\springframework\boot\spring-boot-starter-test\2.2.0.BUILD-SNAPSHOT\spring-boot-starter-test-2.2.0.BUILD-SNAPSHOT.jar;D:\maven\apache-maven-3.6.1\localRepository\org\springframework\boot\spring-boot-test\2.2.0.BUILD-SNAPSHOT\spring-boot-test-2.2.0.BUILD-SNAPSHOT.jar;D:\maven\apache-maven-3.6.1\localRepository\org\springframework\boot\spring-boot-test-autoconfigure\2.2.0.BUILD-SNAPSHOT\spring-boot-test-autoconfigure-2.2.0.BUILD-SNAPSHOT.jar;D:\maven\apache-maven-3.6.1\localRepository\com\jayway\jsonpath\json-path\2.4.0\json-path-2.4.0.jar;D:\maven\apache-maven-3.6.1\localRepository\net\minidev\json-smart\2.3\json-smart-2.3.jar;D:\maven\apache-maven-3.6.1\localRepository\net\minidev\accessors-smart\1.2\accessors-smart-1.2.jar;D:\maven\apache-maven-3.6.1\localRepository\org\ow2\asm\asm\5.0.4\asm-5.0.4.jar;D:\maven\apache-maven-3.6.1\localRepository\org\slf4j\slf4j-api\1.7.28\slf4j-api-1.7.28.jar;D:\maven\apache-maven-3.6.1\localRepository\jakarta\xml\bind\jakarta.xml.bind-api\2.3.2\jakarta.xml.bind-api-2.3.2.jar;D:\maven\apache-maven-3.6.1\localRepository\jakarta\activation\jakarta.activation-api\1.2.1\jakarta.activation-api-1.2.1.jar;D:\maven\apache-maven-3.6.1\localRepository\org\junit\jupiter\junit-jupiter\5.5.2\junit-jupiter-5.5.2.jar;D:\maven\apache-maven-3.6.1\localRepository\org\junit\jupiter\junit-jupiter-api\5.5.2\junit-jupiter-api-5.5.2.jar;D:\maven\apache-maven-3.6.1\localRepository\org\opentest4j\opentest4j\1.2.0\opentest4j-1.2.0.jar;D:\maven\apache-maven-3.6.1\localRepository\org\junit\platform\junit-platform-commons\1.5.2\junit-platform-commons-1.5.2.jar;D:\maven\apache-maven-3.6.1\localRepository\org\junit\jupiter\junit-jupiter-params\5.5.2\junit-jupiter-params-5.5.2.jar;D:\maven\apache-maven-3.6.1\localRepository\org\junit\jupiter\junit-jupiter-engine\5.5.2\junit-jupiter-engine-5.5.2.jar;D:\maven\apache-maven-3.6.1\localRepository\org\junit\vintage\junit-vintage-engine\5.5.2\junit-vintage-engine-5.5.2.jar;D:\maven\apache-maven-3.6.1\localRepository\org\apiguardian\apiguardian-api\1.1.0\apiguardian-api-1.1.0.jar;D:\maven\apache-maven-3.6.1\localRepository\org\junit\platform\junit-platform-engine\1.5.2\junit-platform-engine-1.5.2.jar;D:\maven\apache-maven-3.6.1\localRepository\junit\junit\4.12\junit-4.12.jar;D:\maven\apache-maven-3.6.1\localRepository\org\mockito\mockito-junit-jupiter\3.1.0\mockito-junit-jupiter-3.1.0.jar;D:\maven\apache-maven-3.6.1\localRepository\org\assertj\assertj-core\3.13.2\assertj-core-3.13.2.jar;D:\maven\apache-maven-3.6.1\localRepository\org\hamcrest\hamcrest\2.1\hamcrest-2.1.jar;D:\maven\apache-maven-3.6.1\localRepository\org\mockito\mockito-core\3.1.0\mockito-core-3.1.0.jar;D:\maven\apache-maven-3.6.1\localRepository\net\bytebuddy\byte-buddy\1.10.1\byte-buddy-1.10.1.jar;D:\maven\apache-maven-3.6.1\localRepository\net\bytebuddy\byte-buddy-agent\1.10.1\byte-buddy-agent-1.10.1.jar;D:\maven\apache-maven-3.6.1\localRepository\org\objenesis\objenesis\2.6\objenesis-2.6.jar;D:\maven\apache-maven-3.6.1\localRepository\org\skyscreamer\jsonassert\1.5.0\jsonassert-1.5.0.jar;D:\maven\apache-maven-3.6.1\localRepository\com\vaadin\external\google\android-json\0.0.20131108.vaadin1\android-json-0.0.20131108.vaadin1.jar;D:\maven\apache-maven-3.6.1\localRepository\org\springframework\spring-test\5.2.0.RELEASE\spring-test-5.2.0.RELEASE.jar;D:\maven\apache-maven-3.6.1\localRepository\org\xmlunit\xmlunit-core\2.6.3\xmlunit-core-2.6.3.jar;D:\maven\apache-maven-3.6.1\localRepository\org\springframework\boot\spring-boot-starter-web\2.2.0.BUILD-SNAPSHOT\spring-boot-starter-web-2.2.0.BUILD-SNAPSHOT.jar;D:\maven\apache-maven-3.6.1\localRepository\org\springframework\boot\spring-boot-starter-json\2.2.0.BUILD-SNAPSHOT\spring-boot-starter-json-2.2.0.BUILD-SNAPSHOT.jar;D:\maven\apache-maven-3.6.1\localRepository\com\fasterxml\jackson\core\jackson-databind\2.10.0\jackson-databind-2.10.0.jar;D:\maven\apache-maven-3.6.1\localRepository\com\fasterxml\jackson\core\jackson-annotations\2.10.0\jackson-annotations-2.10.0.jar;D:\maven\apache-maven-3.6.1\localRepository\com\fasterxml\jackson\core\jackson-core\2.10.0\jackson-core-2.10.0.jar;D:\maven\apache-maven-3.6.1\localRepository\com\fasterxml\jackson\datatype\jackson-datatype-jdk8\2.10.0\jackson-datatype-jdk8-2.10.0.jar;D:\maven\apache-maven-3.6.1\localRepository\com\fasterxml\jackson\datatype\jackson-datatype-jsr310\2.10.0\jackson-datatype-jsr310-2.10.0.jar;D:\maven\apache-maven-3.6.1\localRepository\com\fasterxml\jackson\module\jackson-module-parameter-names\2.10.0\jackson-module-parameter-names-2.10.0.jar;D:\maven\apache-maven-3.6.1\localRepository\org\springframework\boot\spring-boot-starter-tomcat\2.2.0.BUILD-SNAPSHOT\spring-boot-starter-tomcat-2.2.0.BUILD-SNAPSHOT.jar;D:\maven\apache-maven-3.6.1\localRepository\org\apache\tomcat\embed\tomcat-embed-websocket\9.0.27\tomcat-embed-websocket-9.0.27.jar;D:\maven\apache-maven-3.6.1\localRepository\org\springframework\boot\spring-boot-starter-validation\2.2.0.BUILD-SNAPSHOT\spring-boot-starter-validation-2.2.0.BUILD-SNAPSHOT.jar;D:\maven\apache-maven-3.6.1\localRepository\jakarta\validation\jakarta.validation-api\2.0.1\jakarta.validation-api-2.0.1.jar;D:\maven\apache-maven-3.6.1\localRepository\org\hibernate\validator\hibernate-validator\6.0.17.Final\hibernate-validator-6.0.17.Final.jar;D:\maven\apache-maven-3.6.1\localRepository\org\jboss\logging\jboss-logging\3.4.1.Final\jboss-logging-3.4.1.Final.jar;D:\maven\apache-maven-3.6.1\localRepository\com\fasterxml\classmate\1.5.0\classmate-1.5.0.jar;D:\maven\apache-maven-3.6.1\localRepository\org\springframework\spring-web\5.2.0.RELEASE\spring-web-5.2.0.RELEASE.jar;D:\maven\apache-maven-3.6.1\localRepository\org\springframework\spring-beans\5.2.0.RELEASE\spring-beans-5.2.0.RELEASE.jar;D:\maven\apache-maven-3.6.1\localRepository\org\springframework\spring-webmvc\5.2.0.RELEASE\spring-webmvc-5.2.0.RELEASE.jar;D:\maven\apache-maven-3.6.1\localRepository\org\springframework\spring-aop\5.2.0.RELEASE\spring-aop-5.2.0.RELEASE.jar;D:\maven\apache-maven-3.6.1\localRepository\org\springframework\spring-expression\5.2.0.RELEASE\spring-expression-5.2.0.RELEASE.jar;D:\maven\apache-maven-3.6.1\localRepository\org\springframework\boot\spring-boot-starter-thymeleaf\2.2.0.BUILD-SNAPSHOT\spring-boot-starter-thymeleaf-2.2.0.BUILD-SNAPSHOT.jar;D:\maven\apache-maven-3.6.1\localRepository\org\thymeleaf\thymeleaf-spring5\3.0.11.RELEASE\thymeleaf-spring5-3.0.11.RELEASE.jar;D:\maven\apache-maven-3.6.1\localRepository\org\thymeleaf\thymeleaf\3.0.11.RELEASE\thymeleaf-3.0.11.RELEASE.jar;D:\maven\apache-maven-3.6.1\localRepository\org\attoparser\attoparser\2.0.5.RELEASE\attoparser-2.0.5.RELEASE.jar;D:\maven\apache-maven-3.6.1\localRepository\org\unbescape\unbescape\1.1.6.RELEASE\unbescape-1.1.6.RELEASE.jar;D:\maven\apache-maven-3.6.1\localRepository\org\thymeleaf\extras\thymeleaf-extras-java8time\3.0.4.RELEASE\thymeleaf-extras-java8time-3.0.4.RELEASE.jar;D:\maven\apache-maven-3.6.1\localRepository\org\projectlombok\lombok\1.18.10\lombok-1.18.10.jar;D:\maven\apache-maven-3.6.1\localRepository\org\apache\tomcat\embed\tomcat-embed-jasper\9.0.27\tomcat-embed-jasper-9.0.27.jar;D:\maven\apache-maven-3.6.1\localRepository\org\apache\tomcat\embed\tomcat-embed-core\9.0.27\tomcat-embed-core-9.0.27.jar;D:\maven\apache-maven-3.6.1\localRepository\org\apache\tomcat\tomcat-annotations-api\9.0.27\tomcat-annotations-api-9.0.27.jar;D:\maven\apache-maven-3.6.1\localRepository\org\apache\tomcat\embed\tomcat-embed-el\9.0.27\tomcat-embed-el-9.0.27.jar;D:\maven\apache-maven-3.6.1\localRepository\org\eclipse\jdt\ecj\3.18.0\ecj-3.18.0.jar;D:\maven\apache-maven-3.6.1\localRepository\org\springframework\boot\spring-boot-devtools\2.2.0.BUILD-SNAPSHOT\spring-boot-devtools-2.2.0.BUILD-SNAPSHOT.jar;"/>
    <property name="sun.cpu.endian" value="little"/>
    <property name="user.home" value="C:\Users\jrg17"/>
    <property name="user.language" value="zh"/>
    <property name="java.specification.vendor" value="Oracle Corporation"/>
    <property name="java.home" value="D:\java_home\jdk-1.8.19\jre"/>
    <property name="basedir" value="E:\workspase\Ideaworkspase\demo"/>
    <property name="file.separator" value="\"/>
    <property name="line.separator" value="&#10;"/>
    <property name="java.vm.specification.vendor" value="Oracle Corporation"/>
    <property name="java.specification.name" value="Java Platform API Specification"/>
    <property name="java.awt.graphicsenv" value="sun.awt.Win32GraphicsEnvironment"/>
    <property name="surefire.real.class.path" value="C:\Users\jrg17\AppData\Local\Temp\surefire1335468361450664572\surefirebooter8802805409869841944.jar"/>
    <property name="sun.boot.class.path" value="D:\java_home\jdk-1.8.19\jre\lib\resources.jar;D:\java_home\jdk-1.8.19\jre\lib\rt.jar;D:\java_home\jdk-1.8.19\jre\lib\sunrsasign.jar;D:\java_home\jdk-1.8.19\jre\lib\jsse.jar;D:\java_home\jdk-1.8.19\jre\lib\jce.jar;D:\java_home\jdk-1.8.19\jre\lib\charsets.jar;D:\java_home\jdk-1.8.19\jre\lib\jfr.jar;D:\java_home\jdk-1.8.19\jre\classes"/>
    <property name="user.script" value=""/>
    <property name="sun.management.compiler" value="HotSpot 64-Bit Tiered Compilers"/>
    <property name="java.runtime.version" value="1.8.0_191-b12"/>
    <property name="user.name" value="jiaruiguo"/>
    <property name="path.separator" value=";"/>
    <property name="os.version" value="10.0"/>
    <property name="java.endorsed.dirs" value="D:\java_home\jdk-1.8.19\jre\lib\endorsed"/>
    <property name="java.runtime.name" value="Java(TM) SE Runtime Environment"/>
    <property name="file.encoding" value="GBK"/>
    <property name="java.vm.name" value="Java HotSpot(TM) 64-Bit Server VM"/>
    <property name="localRepository" value="D:\maven\apache-maven-3.6.1\localRepository"/>
    <property name="java.vendor.url.bug" value="http://bugreport.sun.com/bugreport/"/>
    <property name="java.io.tmpdir" value="C:\Users\jrg17\AppData\Local\Temp\"/>
    <property name="java.version" value="1.8.0_191"/>
    <property name="user.dir" value="E:\workspase\Ideaworkspase\demo"/>
    <property name="os.arch" value="amd64"/>
    <property name="java.vm.specification.name" value="Java Virtual Machine Specification"/>
    <property name="java.awt.printerjob" value="sun.awt.windows.WPrinterJob"/>
    <property name="sun.os.patch.level" value=""/>
    <property name="java.library.path" value="D:\java_home\jdk-1.8.19\jre\bin;C:\Windows\Sun\Java\bin;C:\Windows\system32;C:\Windows;D:\Anaconda3;D:\Anaconda3\Library\mingw-w64\bin;D:\Anaconda3\Library\usr\bin;D:\Anaconda3\Library\bin;D:\Anaconda3\Scripts;C:\Windows\system32;C:\Windows;C:\Windows\System32\Wbem;C:\Windows\System32\WindowsPowerShell\v1.0\;C:\Windows\System32\OpenSSH\;C:\Program Files (x86)\Intel\Intel(R) Management Engine Components\DAL;C:\Program Files\Intel\Intel(R) Management Engine Components\DAL;C:\Program Files (x86)\Intel\Intel(R) Management Engine Components\IPT;C:\Program Files\Intel\Intel(R) Management Engine Components\IPT;D:\java_home\jdk-1.8.19\bin;D:\Program Files\Git\bin;D:\pthon_home\Python37;D:\maven\apache-maven-3.6.1\bin;D:\Program Files\Git\cmd;D:\pthon_home\Python37\Scripts;C:\Program Files\Microsoft VS Code\bin;C:\Program Files\MySQL\MySQL Server 8.0\bin;C:\Program Files\MySQL\MySQL Shell 8.0\bin\;D:\developTools\WebStorm 2019.3.3\bin;;."/>
    <property name="java.vm.info" value="mixed mode"/>
    <property name="java.vendor" value="Oracle Corporation"/>
    <property name="java.vm.version" value="25.191-b12"/>
    <property name="java.ext.dirs" value="D:\java_home\jdk-1.8.19\jre\lib\ext;C:\Windows\Sun\Java\lib\ext"/>
    <property name="sun.io.unicode.encoding" value="UnicodeLittle"/>
    <property name="java.class.version" value="52.0"/>
  </properties>
  <testcase name="contextLoads" classname="com.example.demo.DemoApplicationTests" time="0.355"/>
</testsuite>